{
  "RSpec": {
    "coverage": {
      "/home/giuliacomgiu/Documents/codeBasics/Relearning-Programming/CodeCamp/treinamento/promotion-system-2/app/models/user.rb": {
        "lines": [
          1,
          null,
          null,
          1,
          null,
          1,
          null
        ]
      },
      "/home/giuliacomgiu/Documents/codeBasics/Relearning-Programming/CodeCamp/treinamento/promotion-system-2/app/models/application_record.rb": {
        "lines": [
          1,
          1,
          null
        ]
      },
      "/home/giuliacomgiu/Documents/codeBasics/Relearning-Programming/CodeCamp/treinamento/promotion-system-2/app/helpers/application_helper.rb": {
        "lines": [
          1,
          null
        ]
      },
      "/home/giuliacomgiu/Documents/codeBasics/Relearning-Programming/CodeCamp/treinamento/promotion-system-2/app/models/coupon.rb": {
        "lines": [
          1,
          1,
          null,
          1,
          1,
          null,
          1,
          null,
          1,
          null,
          1,
          1,
          null,
          null,
          1,
          4,
          null,
          null,
          null,
          null,
          1,
          23,
          null,
          null,
          1,
          null,
          1,
          4,
          null,
          null,
          1,
          4,
          2,
          1,
          null,
          2,
          1,
          null,
          null,
          null,
          1,
          4,
          null,
          null,
          null,
          null,
          null
        ]
      },
      "/home/giuliacomgiu/Documents/codeBasics/Relearning-Programming/CodeCamp/treinamento/promotion-system-2/app/models/product_category_promotion.rb": {
        "lines": [
          1,
          1,
          1,
          null
        ]
      },
      "/home/giuliacomgiu/Documents/codeBasics/Relearning-Programming/CodeCamp/treinamento/promotion-system-2/app/models/product_category.rb": {
        "lines": [
          1,
          1,
          1,
          null,
          1,
          1,
          null,
          1,
          null,
          1,
          404,
          null,
          null,
          1,
          100,
          null,
          null,
          1,
          2,
          2,
          null,
          null,
          null
        ]
      },
      "/home/giuliacomgiu/Documents/codeBasics/Relearning-Programming/CodeCamp/treinamento/promotion-system-2/app/models/promotion.rb": {
        "lines": [
          1,
          1,
          1,
          1,
          1,
          1,
          1,
          71,
          null,
          null,
          null,
          null,
          null,
          1,
          4,
          null,
          null,
          null,
          null,
          null,
          1,
          null,
          null,
          null,
          1,
          null,
          1,
          524,
          null,
          null,
          1,
          90,
          null,
          null,
          1,
          43,
          null,
          null,
          1,
          32,
          null,
          null,
          1,
          6,
          5,
          4,
          null,
          3,
          null,
          null,
          null,
          null,
          1,
          null,
          1,
          3,
          9,
          null,
          null,
          null
        ]
      },
      "/home/giuliacomgiu/Documents/codeBasics/Relearning-Programming/CodeCamp/treinamento/promotion-system-2/app/controllers/home_controller.rb": {
        "lines": [
          1,
          1,
          null,
          1,
          null
        ]
      },
      "/home/giuliacomgiu/Documents/codeBasics/Relearning-Programming/CodeCamp/treinamento/promotion-system-2/app/controllers/application_controller.rb": {
        "lines": [
          1,
          1,
          1,
          null,
          1,
          null,
          1,
          2,
          null,
          null
        ]
      },
      "/home/giuliacomgiu/Documents/codeBasics/Relearning-Programming/CodeCamp/treinamento/promotion-system-2/app/controllers/promotions_controller.rb": {
        "lines": [
          1,
          1,
          1,
          1,
          null,
          1,
          36,
          null,
          null,
          1,
          null,
          1,
          4,
          null,
          null,
          1,
          4,
          4,
          2,
          null,
          2,
          null,
          null,
          null,
          1,
          null,
          1,
          3,
          1,
          null,
          2,
          null,
          null,
          null,
          1,
          3,
          3,
          null,
          null,
          1,
          1,
          1,
          null,
          null,
          1,
          1,
          1,
          null,
          null,
          1,
          3,
          1,
          null,
          2,
          2,
          null,
          null,
          null,
          null,
          1,
          null,
          1,
          58,
          null,
          null,
          1,
          7,
          null,
          null,
          null,
          null,
          null,
          1,
          7,
          null,
          4,
          null,
          null
        ]
      },
      "/home/giuliacomgiu/Documents/codeBasics/Relearning-Programming/CodeCamp/treinamento/promotion-system-2/app/controllers/coupons_controller.rb": {
        "lines": [
          1,
          1,
          null,
          1,
          1,
          1,
          null,
          null,
          1,
          2,
          2,
          null,
          null,
          1,
          6,
          6,
          null,
          6,
          null,
          null
        ]
      },
      "/home/giuliacomgiu/Documents/codeBasics/Relearning-Programming/CodeCamp/treinamento/promotion-system-2/app/controllers/product_categories_controller.rb": {
        "lines": [
          1,
          1,
          1,
          null,
          1,
          2,
          null,
          null,
          1,
          3,
          null,
          null,
          1,
          3,
          null,
          3,
          1,
          null,
          2,
          null,
          null,
          null,
          1,
          null,
          1,
          null,
          1,
          3,
          1,
          null,
          2,
          null,
          null,
          null,
          1,
          0,
          null,
          null,
          1,
          null,
          1,
          11,
          null,
          null,
          1,
          6,
          null,
          null
        ]
      },
      "/home/giuliacomgiu/Documents/codeBasics/Relearning-Programming/CodeCamp/treinamento/promotion-system-2/app/controllers/api/v1/coupons_controller.rb": {
        "lines": [
          1,
          1,
          1,
          1,
          1,
          null,
          null,
          1,
          4,
          null,
          null,
          1,
          1,
          1,
          null,
          null,
          1,
          null,
          1,
          10,
          null,
          null,
          1,
          5,
          null,
          2,
          null,
          null,
          1,
          3,
          null,
          1,
          null,
          null,
          1,
          2,
          null,
          1,
          null,
          null,
          1,
          6,
          null,
          null,
          null,
          null,
          null,
          null,
          1,
          5,
          null,
          null,
          null,
          null,
          null,
          null,
          null,
          null,
          null,
          null
        ]
      },
      "/home/giuliacomgiu/Documents/codeBasics/Relearning-Programming/CodeCamp/treinamento/promotion-system-2/app/controllers/api/v1/api_controller.rb": {
        "lines": [
          1,
          1,
          1,
          1,
          null,
          1,
          null,
          1,
          null,
          null,
          1,
          1,
          null,
          null,
          null,
          null
        ]
      }
    },
    "timestamp": 1613534812
  }
}
